TN:
SF:/Users/wesleyrebelo/sites/wesreact2/src/reducers/groups-reducer/groupsReducer.js
FN:5,(anonymous_0)
FNF:1
FNH:1
FNDA:3,(anonymous_0)
DA:5,1
DA:6,3
DA:8,1
DA:9,1
DA:13,1
DA:14,1
DA:15,1
DA:21,1
LF:8
LH:8
BRDA:5,0,0,1
BRDA:5,1,0,1
BRDA:6,2,0,1
BRDA:6,2,1,1
BRDA:6,2,2,1
BRF:5
BRH:5
end_of_record
TN:
SF:/Users/wesleyrebelo/sites/wesreact2/src/reducers/groups-reducer/group-reducer/groupReducer.js
FN:5,(anonymous_0)
FNF:1
FNH:1
FNDA:3,(anonymous_0)
DA:5,2
DA:6,3
DA:8,2
DA:9,2
DA:15,1
LF:5
LH:5
BRDA:5,0,0,1
BRDA:5,1,0,1
BRDA:6,2,0,2
BRDA:6,2,1,1
BRF:4
BRH:4
end_of_record
TN:
SF:/Users/wesleyrebelo/sites/wesreact2/src/reducers/groups-reducer/group-reducer/tour-reducer/tourReducer.js
FN:4,(anonymous_0)
FNF:1
FNH:1
FNDA:4,(anonymous_0)
DA:4,3
DA:5,4
DA:7,3
DA:9,1
LF:4
LH:4
BRDA:4,0,0,1
BRDA:4,1,0,1
BRDA:5,2,0,3
BRDA:5,2,1,1
BRF:4
BRH:4
end_of_record
