TN:
SF:/Users/wesleyrebelo/sites/wesreact2/src/reducers/groups-reducer/groupsReducer.js
FN:5,(anonymous_0)
FNF:1
FNH:1
FNDA:4,(anonymous_0)
DA:5,1
DA:8,4
DA:10,1
DA:11,1
DA:15,1
DA:16,1
DA:17,1
DA:23,1
DA:24,1
DA:25,1
DA:31,1
LF:11
LH:11
BRDA:5,0,0,1
BRDA:5,1,0,1
BRDA:8,2,0,1
BRDA:8,2,1,1
BRDA:8,2,2,1
BRDA:8,2,3,1
BRF:6
BRH:6
end_of_record
TN:
SF:/Users/wesleyrebelo/sites/wesreact2/src/reducers/groups-reducer/group-reducer/groupReducer.js
FN:5,(anonymous_0)
FNF:1
FNH:1
FNDA:5,(anonymous_0)
DA:5,2
DA:7,5
DA:9,2
DA:10,2
DA:16,2
DA:17,2
DA:23,1
LF:7
LH:7
BRDA:5,0,0,1
BRDA:5,1,0,1
BRDA:7,2,0,2
BRDA:7,2,1,2
BRDA:7,2,2,1
BRF:5
BRH:5
end_of_record
TN:
SF:/Users/wesleyrebelo/sites/wesreact2/src/reducers/groups-reducer/group-reducer/tour-reducer/tourReducer.js
FN:4,(anonymous_0)
FNF:1
FNH:1
FNDA:7,(anonymous_0)
DA:4,3
DA:5,7
DA:7,3
DA:9,3
DA:11,1
LF:5
LH:5
BRDA:4,0,0,1
BRDA:4,1,0,1
BRDA:5,2,0,3
BRDA:5,2,1,3
BRDA:5,2,2,1
BRF:5
BRH:5
end_of_record
